<?xml version="1.0" encoding="UTF-8"?>
<!-- Generated by org.testng.reporters.JUnitXMLReporter -->
<testsuite ignored="0" hostname="MSI" failures="0" tests="1" name="AutomationExerciseUsingFirefox" time="2.33" errors="0" timestamp="2021-05-06T18:05:12 CEST">
  <testcase classname="com.amazon.base.BaseTest" name="@BeforeMethod setup" time="1.924">
    <failure type="org.openqa.selenium.SessionNotCreatedException" message="session not created: This version of ChromeDriver only supports Chrome version 88
Current browser version is 90.0.4430.93 with binary path C:\Program Files (x86)\Google\Chrome\Application\chrome.exe
Build info: version: &amp;apos;3.141.59&amp;apos;, revision: &amp;apos;e82be7d358&amp;apos;, time: &amp;apos;2018-11-14T08:17:03&amp;apos;
System info: host: &amp;apos;MSI&amp;apos;, ip: &amp;apos;192.168.1.40&amp;apos;, os.name: &amp;apos;Windows 10&amp;apos;, os.arch: &amp;apos;amd64&amp;apos;, os.version: &amp;apos;10.0&amp;apos;, java.version: &amp;apos;11.0.6&amp;apos;
Driver info: driver.version: ChromeDriver
remote stacktrace: Backtrace:
	GetHandleVerifier [0x00FCB963+483]
	GetHandleVerifier [0x00FCB941+449]
	GetHandleVerifier [0x01373308+3832712]
	GetHandleVerifier [0x0138D69A+3940122]
	GetHandleVerifier [0x01389AFB+3924859]
	GetHandleVerifier [0x01387D9C+3917340]
	GetHandleVerifier [0x013AE7FE+4075646]
	GetHandleVerifier [0x013AE56C+4074988]
	GetHandleVerifier [0x013AB2EB+4062059]
	GetHandleVerifier [0x0138ED14+3945876]
	GetHandleVerifier [0x0138FBCE+3949646]
	GetHandleVerifier [0x0138FB59+3949529]
	Ordinal0 [0x00F8B5CC+46540]
	Ordinal0 [0x00F89F53+40787]
	Ordinal0 [0x00F89B12+39698]
	GetHandleVerifier [0x01291468+2907368]
	GetHandleVerifier [0x010D71EE+1096302]
	GetHandleVerifier [0x01093E8D+821005]
	GetHandleVerifier [0x0109396B+819691]
	GetHandleVerifier [0x01093881+819457]
	GetHandleVerifier [0x010BF463+998627]
	BaseThreadInitThunk [0x7625FA29+25]
	RtlGetAppContainerNamedObjectPath [0x77CA7A4E+286]
	RtlGetAppContainerNamedObjectPath [0x77CA7A1E+238]
">
      <![CDATA[org.openqa.selenium.SessionNotCreatedException: session not created: This version of ChromeDriver only supports Chrome version 88
Current browser version is 90.0.4430.93 with binary path C:\Program Files (x86)\Google\Chrome\Application\chrome.exe
Build info: version: '3.141.59', revision: 'e82be7d358', time: '2018-11-14T08:17:03'
System info: host: 'MSI', ip: '192.168.1.40', os.name: 'Windows 10', os.arch: 'amd64', os.version: '10.0', java.version: '11.0.6'
Driver info: driver.version: ChromeDriver
remote stacktrace: Backtrace:
GetHandleVerifier [0x00FCB963+483]
GetHandleVerifier [0x00FCB941+449]
GetHandleVerifier [0x01373308+3832712]
GetHandleVerifier [0x0138D69A+3940122]
GetHandleVerifier [0x01389AFB+3924859]
GetHandleVerifier [0x01387D9C+3917340]
GetHandleVerifier [0x013AE7FE+4075646]
GetHandleVerifier [0x013AE56C+4074988]
GetHandleVerifier [0x013AB2EB+4062059]
GetHandleVerifier [0x0138ED14+3945876]
GetHandleVerifier [0x0138FBCE+3949646]
GetHandleVerifier [0x0138FB59+3949529]
Ordinal0 [0x00F8B5CC+46540]
Ordinal0 [0x00F89F53+40787]
Ordinal0 [0x00F89B12+39698]
GetHandleVerifier [0x01291468+2907368]
GetHandleVerifier [0x010D71EE+1096302]
GetHandleVerifier [0x01093E8D+821005]
GetHandleVerifier [0x0109396B+819691]
GetHandleVerifier [0x01093881+819457]
GetHandleVerifier [0x010BF463+998627]
BaseThreadInitThunk [0x7625FA29+25]
RtlGetAppContainerNamedObjectPath [0x77CA7A4E+286]
RtlGetAppContainerNamedObjectPath [0x77CA7A1E+238]

at org.openqa.selenium.remote.W3CHandshakeResponse.lambda$errorHandler$0(W3CHandshakeResponse.java:62)
at org.openqa.selenium.remote.HandshakeResponse.lambda$getResponseFunction$0(HandshakeResponse.java:30)
at org.openqa.selenium.remote.ProtocolHandshake.lambda$createSession$0(ProtocolHandshake.java:126)
at java.base/java.util.stream.ReferencePipeline$3$1.accept(ReferencePipeline.java:195)
at java.base/java.util.Spliterators$ArraySpliterator.tryAdvance(Spliterators.java:958)
at java.base/java.util.stream.ReferencePipeline.forEachWithCancel(ReferencePipeline.java:127)
at java.base/java.util.stream.AbstractPipeline.copyIntoWithCancel(AbstractPipeline.java:502)
at java.base/java.util.stream.AbstractPipeline.copyInto(AbstractPipeline.java:488)
at java.base/java.util.stream.AbstractPipeline.wrapAndCopyInto(AbstractPipeline.java:474)
at java.base/java.util.stream.FindOps$FindOp.evaluateSequential(FindOps.java:150)
at java.base/java.util.stream.AbstractPipeline.evaluate(AbstractPipeline.java:234)
at java.base/java.util.stream.ReferencePipeline.findFirst(ReferencePipeline.java:543)
at org.openqa.selenium.remote.ProtocolHandshake.createSession(ProtocolHandshake.java:128)
at org.openqa.selenium.remote.ProtocolHandshake.createSession(ProtocolHandshake.java:74)
at org.openqa.selenium.remote.HttpCommandExecutor.execute(HttpCommandExecutor.java:136)
at org.openqa.selenium.remote.service.DriverCommandExecutor.execute(DriverCommandExecutor.java:83)
at org.openqa.selenium.remote.RemoteWebDriver.execute(RemoteWebDriver.java:552)
at org.openqa.selenium.remote.RemoteWebDriver.startSession(RemoteWebDriver.java:213)
at org.openqa.selenium.remote.RemoteWebDriver.<init>(RemoteWebDriver.java:131)
at org.openqa.selenium.chrome.ChromeDriver.<init>(ChromeDriver.java:181)
at org.openqa.selenium.chrome.ChromeDriver.<init>(ChromeDriver.java:168)
at org.openqa.selenium.chrome.ChromeDriver.<init>(ChromeDriver.java:123)
at com.amazon.base.BrowserDriverFactory.createDriver(BrowserDriverFactory.java:31)
at com.amazon.base.BaseTest.setup(BaseTest.java:34)
at java.base/java.util.ArrayList.forEach(ArrayList.java:1540)
at java.base/java.util.concurrent.FutureTask.run(FutureTask.java:264)
at java.base/java.util.concurrent.ThreadPoolExecutor.runWorker(ThreadPoolExecutor.java:1128)
at java.base/java.util.concurrent.ThreadPoolExecutor$Worker.run(ThreadPoolExecutor.java:628)
at java.base/java.lang.Thread.run(Thread.java:834)
... Removed 26 stack frames]]>
    </failure>
  </testcase> <!-- @BeforeMethod setup -->
  <testcase classname="com.amazon.base.TestUtilities" name="@AfterMethod takeScreenshot" time="-1.620317112402E9">
    <skipped/>
  </testcase> <!-- @AfterMethod takeScreenshot -->
  <testcase classname="com.amazon.base.BaseTest" name="@AfterMethod tearDown" time="0.001">
    <failure type="java.lang.NullPointerException">
      <![CDATA[java.lang.NullPointerException
at com.amazon.base.BaseTest.tearDown(BaseTest.java:46)
at java.base/java.util.ArrayList.forEach(ArrayList.java:1540)
at java.base/java.util.concurrent.FutureTask.run(FutureTask.java:264)
at java.base/java.util.concurrent.ThreadPoolExecutor.runWorker(ThreadPoolExecutor.java:1128)
at java.base/java.util.concurrent.ThreadPoolExecutor$Worker.run(ThreadPoolExecutor.java:628)
at java.base/java.lang.Thread.run(Thread.java:834)
... Removed 23 stack frames]]>
    </failure>
  </testcase> <!-- @AfterMethod tearDown -->
  <testcase classname="com.amazon.automationExercice.AutomationExerciceWithCSV" name="scenarioUsingCsv" time="0.0">
    <skipped/>
  </testcase> <!-- scenarioUsingCsv -->
</testsuite> <!-- AutomationExerciseUsingFirefox -->
